2020-06-23 18:26:50|MTN|121363523|1.45*9-*+9||*899*9#|Welcome to QLAC FINANCIAL TRUST LTD 
 1. Register Personal Pension 
 2. Pay Personal Pension 
 3. Update Key Data 
 4. Enquiries
2020-06-23 18:30:22|MTN|121363523|1.45*9-*+9|0|*899*9#|Welcome to QLAC FINANCIAL TRUST LTD 
 1. Register Personal Pension 
 2. Pay Personal Pension 
 3. Update Key Data 
 4. Enquiries
2020-06-23 18:37:52|MTN|121363523|1.45*9-*+9|0|*899*9#|Welcome to QLAC FINANCIAL TRUST LTD 
 1. Register Personal Pension 
 2. Pay Personal Pension 
 3. Update Key Data 
 4. Enquiries
2020-06-23 18:42:55|MTN|121363523|1.45*9-*+9|0|*899*9#|Welcome to QLAC FINANCIAL TRUST LTD 
 1. Register Personal Pension 
 2. Pay Personal Pension 
 3. Update Key Data 
 4. Enquiries
2020-06-23 18:43:41|MTN|121363523|1.45*9-*+9|0|*899*9#|Welcome to QLAC FINANCIAL TRUST LTD 
 1. Register Personal Pension 
 2. Pay Personal Pension 
 3. Update Key Data 
 4. Enquiries
2020-06-23 18:49:54|MTN|121363523|1.45*9-*+9|0|*899*9#|Welcome to QLAC FINANCIAL TRUST LTD 
 1. Register Personal Pension 
 2. Pay Personal Pension 
 3. Update Key Data 
 4. Enquiries
2020-06-23 18:50:10|MTN|121363523|1.45*9-*+9|1|1|Register Personal Pension 
 1. New Member 
 2. Existing Tier 2 or PF Member
2020-06-23 19:10:58|MTN|121363523|1.45*9-*+9|0|1|Welcome to QLAC FINANCIAL TRUST LTD 
 1. Register Personal Pension 
 2. Pay Personal Pension 
 3. Update Key Data 
 4. Enquiries
2020-06-23 19:11:39|MTN|121363523|1.45*9-*+9|1|1|Register Personal Pension 
 1. New Member 
 2. Existing Tier 2 or PF Member
2020-06-23 19:11:54|MTN|121363523|1.45*9-*+9|3|Wilson|
2020-06-23 19:12:06|MTN|121363523|1.45*9-*+9|4|Emmanuel|
2020-06-23 19:35:00|MTN|121363523|1.45*9-*+9|0|Emmanuel|Welcome to QLAC FINANCIAL TRUST LTD 
 1. Register Personal Pension 
 2. Pay Personal Pension 
 3. Update Key Data 
 4. Enquiries
2020-06-23 19:35:26|MTN|121363523|1.45*9-*+9|1|Emmanuel|Invalid input
2020-06-23 19:35:49|MTN|121363523|1.45*9-*+9|1|1|Register Personal Pension 
 1. New Member 
 2. Existing Tier 2 or PF Member
2020-06-23 19:36:01|MTN|121363523|1.45*9-*+9|2|1|
2020-06-23 19:36:08|MTN|121363523|1.45*9-*+9|3|Wilson|
2020-06-23 19:36:18|MTN|121363523|1.45*9-*+9|4|Emmanuel|
2020-06-23 19:36:25|MTN|121363523|1.45*9-*+9|5|1|
2020-06-23 19:49:23|MTN|121363523|1.45*9-*+9|6|2016-10-02|
2020-06-23 19:49:59|MTN|121363523|1.45*9-*+9|7|1|
2020-06-23 19:50:23|MTN|121363523|1.45*9-*+9|8|America|
2020-06-23 19:50:41|MTN|121363523|1.45*9-*+9|0|America|Welcome to QLAC FINANCIAL TRUST LTD 
 1. Register Personal Pension 
 2. Pay Personal Pension 
 3. Update Key Data 
 4. Enquiries
2020-06-23 19:50:53|MTN|121363523|1.45*9-*+9|1|America|Invalid input
2020-06-23 19:51:14|MTN|121363523|1.45*9-*+9|1|1|Register Personal Pension 
 1. New Member 
 2. Existing Tier 2 or PF Member
2020-06-23 19:51:24|MTN|121363523|1.45*9-*+9|2|2|Existing Tier 2/PF Member 
 Enter Member ID
2020-06-23 19:51:35|MTN|121363523|1.45*9-*+9|3|799ev|Invalid Member ID! Try again 
2020-06-23 19:51:44|MTN|121363523|1.45*9-*+9|3|799ea|1. View Key Data 
 2. Cancel
2020-06-23 19:51:52|MTN|121363523|1.45*9-*+9|4|1|Personal Pension Details 
 ------------------------
                    Member ID: 	 799ea 
 Name: 	 Emmanuel  Wilson  
 D.O.B: 	 2016-10-02 
 Gender: 	 Male 
 Nationality: 	 America 

 1. Press to Approve
2020-06-23 19:51:59|MTN|121363523|1.45*9-*+9|5|1|Approved account Details
2020-06-23 19:52:56|MTN|121363523|1.45*9-*+9|0|1|Welcome to QLAC FINANCIAL TRUST LTD 
 1. Register Personal Pension 
 2. Pay Personal Pension 
 3. Update Key Data 
 4. Enquiries
2020-06-23 19:53:05|MTN|121363523|1.45*9-*+9|1|1|Register Personal Pension 
 1. New Member 
 2. Existing Tier 2 or PF Member
2020-06-23 19:53:27|MTN|121363523|1.45*9-*+9|2|*899*9#|Welcome to QLAC FINANCIAL TRUST LTD 
 1. Register Personal Pension 
 2. Pay Personal Pension 
 3. Update Key Data 
 4. Enquiries
2020-06-23 19:53:55|MTN|121363523|1.45*9-*+9|1|1|Register Personal Pension 
 1. New Member 
 2. Existing Tier 2 or PF Member
2020-06-23 19:54:04|MTN|121363523|1.45*9-*+9|2|1|
2020-06-23 19:56:59|MTN|12136359|1.45*9-*+9|0|*899*9#|Welcome to QLAC FINANCIAL TRUST LTD 
 1. Register Personal Pension 
 2. Pay Personal Pension 
 3. Update Key Data 
 4. Enquiries
2020-06-23 19:57:13|MTN|12136359|1.45*9-*+9|1|1|Register Personal Pension 
 1. New Member 
 2. Existing Tier 2 or PF Member
2020-06-23 19:57:31|MTN|12136359|1.45*9-*+9|2|1|
2020-06-23 19:57:46|MTN|12136359|1.45*9-*+9|3|*899*9#|Welcome to QLAC FINANCIAL TRUST LTD 
 1. Register Personal Pension 
 2. Pay Personal Pension 
 3. Update Key Data 
 4. Enquiries
2020-06-23 20:05:09|MTN|12136359|1.45*9-*+9|0|*899*9#|Welcome to QLAC FINANCIAL TRUST LTD 
 1. Register Personal Pension 
 2. Pay Personal Pension 
 3. Update Key Data 
 4. Enquiries
2020-06-23 20:05:16|MTN|12136359|1.45*9-*+9|1|1|Register Personal Pension 
 1. New Member 
 2. Existing Tier 2 or PF Member
2020-06-23 20:05:23|MTN|12136359|1.45*9-*+9|2|1|
2020-06-23 20:05:31|MTN|12136359|1.45*9-*+9|3|*899*9#|Welcome to QLAC FINANCIAL TRUST LTD 
 1. Register Personal Pension 
 2. Pay Personal Pension 
 3. Update Key Data 
 4. Enquiries
2020-06-23 20:28:04|MTN|12136359|1.45*9-*+9|0|*899*9#|Welcome to QLAC FINANCIAL TRUST LTD 
 1. Register Personal Pension 
 2. Pay Personal Pension 
 3. Update Key Data 
 4. Enquiries
2020-06-23 20:28:14|MTN|12136359|1.45*9-*+9|1|1|Register Personal Pension 
 1. New Member 
 2. Existing Tier 2 or PF Member
2020-06-23 20:28:20|MTN|12136359|1.45*9-*+9|2|1|
2020-06-23 20:30:04|MTN|1213669||0||Welcome to QLAC FINANCIAL TRUST LTD 
 1. Register Personal Pension 
 2. Pay Personal Pension 
 3. Update Key Data 
 4. Enquiries
2020-06-23 20:30:23|MTN|1213669|1.45*9-*+9|1|*899*9#|Welcome to QLAC FINANCIAL TRUST LTD 
 1. Register Personal Pension 
 2. Pay Personal Pension 
 3. Update Key Data 
 4. Enquiries
2020-06-23 20:30:43|MTN|1213669|1.45*9-*+9|1|1|Register Personal Pension 
 1. New Member 
 2. Existing Tier 2 or PF Member
2020-06-23 20:30:49|MTN|1213669|1.45*9-*+9|2|1|
2020-06-23 20:32:39|MTN|1213669|1.45*9-*+9|3|*899*9#|Welcome to QLAC FINANCIAL TRUST LTD 
 1. Register Personal Pension 
 2. Pay Personal Pension 
 3. Update Key Data 
 4. Enquiries
2020-06-23 20:32:39|MTN|1213669|1.45*9-*+9|3|*899*9#|Welcome to QLAC FINANCIAL TRUST LTD 
 1. Register Personal Pension 
 2. Pay Personal Pension 
 3. Update Key Data 
 4. Enquiries
2020-06-23 21:18:18|MTN|1213669|1.45*9-*+9|1|*899*9#|Welcome to QLAC FINANCIAL TRUST LTD 
 1. Register Personal Pension 
 2. Pay Personal Pension 
 3. Update Key Data 
 4. Enquiries
2020-06-23 21:18:18|MTN|1213669|1.45*9-*+9|1|*899*9#|Welcome to QLAC FINANCIAL TRUST LTD 
 1. Register Personal Pension 
 2. Pay Personal Pension 
 3. Update Key Data 
 4. Enquiries
2020-06-23 21:19:06|MTN|1213669|1.45*9-*+9|1|1|Register Personal Pension 
 1. New Member 
 2. Existing Tier 2 or PF Member
2020-06-23 21:19:19|MTN|1213669|1.45*9-*+9|2|1|
2020-06-23 21:19:36|MTN|1213669|1.45*9-*+9|3|*899*9#|Welcome to QLAC FINANCIAL TRUST LTD 
 1. Register Personal Pension 
 2. Pay Personal Pension 
 3. Update Key Data 
 4. Enquiries
2020-06-23 21:41:56|MTN|1213669|1.45*9-*+9|0|*899*9#|Welcome to QLAC FINANCIAL TRUST LTD 
 1. Register Personal Pension 
 2. Pay Personal Pension 
 3. Update Key Data 
 4. Enquiries
2020-06-23 21:42:50|MTN|1213669|1.45*9-*+9|1|*899*9#|Welcome to QLAC FINANCIAL TRUST LTD 
 1. Register Personal Pension 
 2. Pay Personal Pension 
 3. Update Key Data 
 4. Enquiries
2020-06-23 21:42:50|MTN|1213669|1.45*9-*+9|1|*899*9#|Welcome to QLAC FINANCIAL TRUST LTD 
 1. Register Personal Pension 
 2. Pay Personal Pension 
 3. Update Key Data 
 4. Enquiries
2020-06-23 21:43:14|MTN|1213669|1.45*9-*+9|1|1|Register Personal Pension 
 1. New Member 
 2. Existing Tier 2 or PF Member
2020-06-23 21:43:22|MTN|1213669|1.45*9-*+9|2|1|Enter Surname
2020-06-23 21:43:32|MTN|1213669|1.45*9-*+9|3|*899*9#|Welcome to QLAC FINANCIAL TRUST LTD 
 1. Register Personal Pension 
 2. Pay Personal Pension 
 3. Update Key Data 
 4. Enquiries
2020-06-23 21:46:41|MTN|1213669|1.45*9-*+9|1|*899*9#|Welcome to QLAC FINANCIAL TRUST LTD 
 1. Register Personal Pension 
 2. Pay Personal Pension 
 3. Update Key Data 
 4. Enquiries
2020-06-23 21:46:41|MTN|1213669|1.45*9-*+9|1|*899*9#|Welcome to QLAC FINANCIAL TRUST LTD 
 1. Register Personal Pension 
 2. Pay Personal Pension 
 3. Update Key Data 
 4. Enquiries
2020-06-23 21:46:49|MTN|1213669|1.45*9-*+9|1|1|Register Personal Pension 
 1. New Member 
 2. Existing Tier 2 or PF Member
2020-06-23 21:46:54|MTN|1213669|1.45*9-*+9|2|1|Enter Surname
2020-06-23 21:51:10|MTN|1213669|1.45*9-*+9|1|*899*9#|Welcome to QLAC FINANCIAL TRUST LTD 
 1. Register Personal Pension 
 2. Pay Personal Pension 
 3. Update Key Data 
 4. Enquiries
2020-06-23 21:51:10|MTN|1213669|1.45*9-*+9|1|*899*9#|Welcome to QLAC FINANCIAL TRUST LTD 
 1. Register Personal Pension 
 2. Pay Personal Pension 
 3. Update Key Data 
 4. Enquiries
2020-06-23 21:56:26|MTN|1213669|1.45*9-*+9|0|*899*9#|Welcome to QLAC FINANCIAL TRUST LTD 
 1. Register Personal Pension 
 2. Pay Personal Pension 
 3. Update Key Data 
 4. Enquiries
2020-06-23 21:56:34|MTN|1213669|1.45*9-*+9|1|1|Register Personal Pension 
 1. New Member 
 2. Existing Tier 2 or PF Member
2020-06-23 21:56:38|MTN|1213669|1.45*9-*+9|2|1|Enter Surname
2020-06-23 22:00:25|MTN|1213669|1.45*9-*+9|3|*899*9#|Welcome to QLAC FINANCIAL TRUST LTD 
 1. Register Personal Pension 
 2. Pay Personal Pension 
 3. Update Key Data 
 4. Enquiries
2020-06-23 22:03:29|MTN|1213669|1.45*9-*+9|1|1|Register Personal Pension 
 1. New Member 
 2. Existing Tier 2 or PF Member
2020-06-23 22:03:33|MTN|1213669|1.45*9-*+9|2|1|Enter Surname
2020-06-23 22:03:42|MTN|1213669|1.45*9-*+9|3|*899*9#|Welcome to QLAC FINANCIAL TRUST LTD 
 1. Register Personal Pension 
 2. Pay Personal Pension 
 3. Update Key Data 
 4. Enquiries
2020-06-23 22:04:37|MTN|1213669|1.45*9-*+9|1|*899*9#|Welcome to QLAC FINANCIAL TRUST LTD 
 1. Register Personal Pension 
 2. Pay Personal Pension 
 3. Update Key Data 
 4. Enquiries
2020-06-23 22:04:37|MTN|1213669|1.45*9-*+9|1|*899*9#|Welcome to QLAC FINANCIAL TRUST LTD 
 1. Register Personal Pension 
 2. Pay Personal Pension 
 3. Update Key Data 
 4. Enquiries
2020-06-23 22:04:45|MTN|1213669|1.45*9-*+9|1|1|Register Personal Pension 
 1. New Member 
 2. Existing Tier 2 or PF Member
2020-06-23 22:11:57|MTN|1213669|1.45*9-*+9|0|1|Welcome to QLAC FINANCIAL TRUST LTD 
 1. Register Personal Pension 
 2. Pay Personal Pension 
 3. Update Key Data 
 4. Enquiries
2020-06-23 22:12:00|MTN|1213669|1.45*9-*+9|1|1|Register Personal Pension 
 1. New Member 
 2. Existing Tier 2 or PF Member
2020-06-23 22:12:03|MTN|1213669|1.45*9-*+9|2|1|Enter Surname
2020-06-23 22:12:44|MTN|1213669|1.45*9-*+9|3|*899*9#|
2020-06-23 22:14:28|MTN|1213669|1.45*9-*+9|0|*899*9#|Welcome to QLAC FINANCIAL TRUST LTD 
 1. Register Personal Pension 
 2. Pay Personal Pension 
 3. Update Key Data 
 4. Enquiries
2020-06-23 22:14:37|MTN|1213669|1.45*9-*+9|1|1|Register Personal Pension 
 1. New Member 
 2. Existing Tier 2 or PF Member
2020-06-23 22:14:40|MTN|1213669|1.45*9-*+9|2|1|Enter Surname
2020-06-23 22:14:47|MTN|1213669|1.45*9-*+9|3|*899*9#|Welcome to QLAC FINANCIAL TRUST LTD 
 1. Register Personal Pension 
 2. Pay Personal Pension 
 3. Update Key Data 
 4. Enquiries
2020-06-23 22:28:56|MTN|1213669|1.45*9-*+9|1|*899*9#|Welcome to QLAC FINANCIAL TRUST LTD 
 1. Register Personal Pension 
 2. Pay Personal Pension 
 3. Update Key Data 
 4. Enquiries
2020-06-23 22:28:56|MTN|1213669|1.45*9-*+9|1|*899*9#|Welcome to QLAC FINANCIAL TRUST LTD 
 1. Register Personal Pension 
 2. Pay Personal Pension 
 3. Update Key Data 
 4. Enquiries
2020-06-23 22:29:38|MTN|1213669|1.45*9-*+9|1|1|Register Personal Pension 
 1. New Member 
 2. Existing Tier 2 or PF Member
2020-06-23 22:29:43|MTN|1213669|1.45*9-*+9|2|1|Enter Surname
2020-06-23 22:29:55|MTN|1213669|1.45*9-*+9|3|*899*9#|Welcome to QLAC FINANCIAL TRUST LTD 
 1. Register Personal Pension 
 2. Pay Personal Pension 
 3. Update Key Data 
 4. Enquiries
2020-06-23 22:38:12|MTN|1213669|1.45*9-*+9|1|1|Register Personal Pension 
 1. New Member 
 2. Existing Tier 2 or PF Member
2020-06-23 22:38:16|MTN|1213669|1.45*9-*+9|2|1|Enter Surname
2020-06-23 22:38:23|MTN|1213669|1.45*9-*+9|3|*899*9#|Welcome to QLAC FINANCIAL TRUST LTD 
 1. Register Personal Pension 
 2. Pay Personal Pension 
 3. Update Key Data 
 4. Enquiries
2020-06-23 22:47:35|MTN|1213669|1.45*9-*+9|1|1|Register Personal Pension 
 1. New Member 
 2. Existing Tier 2 or PF Member
2020-06-23 22:47:40|MTN|1213669|1.45*9-*+9|2|1|Enter Surname
2020-06-23 22:48:22|MTN|1213669|1.45*9-*+9|3|Emmanuel|Enter first name
2020-06-23 22:48:30|MTN|1213669|1.45*9-*+9|4|*899*9#|Welcome to QLAC FINANCIAL TRUST LTD 
 1. Register Personal Pension 
 2. Pay Personal Pension 
 3. Update Key Data 
 4. Enquiries
2020-06-23 22:54:14|MTN|1213669|1.45*9-*+9|1|*899*9#|Welcome to QLAC FINANCIAL TRUST LTD 
 1. Register Personal Pension 
 2. Pay Personal Pension 
 3. Update Key Data 
 4. Enquiries
2020-06-23 22:54:14|MTN|1213669|1.45*9-*+9|1|*899*9#|Welcome to QLAC FINANCIAL TRUST LTD 
 1. Register Personal Pension 
 2. Pay Personal Pension 
 3. Update Key Data 
 4. Enquiries
2020-06-23 22:54:24|MTN|1213669|1.45*9-*+9|1|Emmanuel|Invalid input
2020-06-23 22:54:24|MTN|1213669|1.45*9-*+9|1|Emmanuel|Invalid input
2020-06-23 22:54:52|MTN|1213669|1.45*9-*+9|1|1|Register Personal Pension 
 1. New Member 
 2. Existing Tier 2 or PF Member
2020-06-23 22:54:55|MTN|1213669|1.45*9-*+9|2|1|Enter Surname
2020-06-23 22:55:09|MTN|1213669|1.45*9-*+9|3|*899*9#|Welcome to QLAC FINANCIAL TRUST LTD 
 1. Register Personal Pension 
 2. Pay Personal Pension 
 3. Update Key Data 
 4. Enquiries
2020-06-23 22:56:59|MTN|1213669|1.45*9-*+9|1|1|Register Personal Pension 
 1. New Member 
 2. Existing Tier 2 or PF Member
2020-06-23 22:57:01|MTN|1213669|1.45*9-*+9|2|1|Enter Surname
2020-06-23 23:02:04|MTN|1213669|1.45*9-*+9|3|*899*9#|Welcome to QLAC FINANCIAL TRUST LTD 
 1. Register Personal Pension 
 2. Pay Personal Pension 
 3. Update Key Data 
 4. Enquiries
2020-06-23 23:02:21|MTN|1213669|1.45*9-*+9|1||Invalid input
2020-06-23 23:02:21|MTN|1213669|1.45*9-*+9|1||Invalid input
2020-06-23 23:02:42|MTN|1213669|1.45*9-*+9|1||Invalid input
2020-06-23 23:02:42|MTN|1213669|1.45*9-*+9|1||Invalid input
2020-06-23 23:02:49|MTN|1213669|1.45*9-*+9|1|1|Register Personal Pension 
 1. New Member 
 2. Existing Tier 2 or PF Member
2020-06-23 23:02:53|MTN|1213669|1.45*9-*+9|2|1|Enter Surname
2020-06-23 23:03:59|MTN|1213669|1.45*9-*+9|3|*899*9#|Welcome to QLAC FINANCIAL TRUST LTD 
 1. Register Personal Pension 
 2. Pay Personal Pension 
 3. Update Key Data 
 4. Enquiries
2020-06-23 23:04:49|MTN|1213669|1.45*9-*+9|1|1|Register Personal Pension 
 1. New Member 
 2. Existing Tier 2 or PF Member
2020-06-23 23:04:58|MTN|1213669|1.45*9-*+9|2|1|Enter Surname
2020-06-23 23:05:52|MTN|1213669|1.45*9-*+9|3|Pricnce|Enter first name
2020-06-23 23:06:01|MTN|1213669|1.45*9-*+9|4|*899*9#|Welcome to QLAC FINANCIAL TRUST LTD 
 1. Register Personal Pension 
 2. Pay Personal Pension 
 3. Update Key Data 
 4. Enquiries
2020-06-23 23:08:52|MTN|1213669|1.45*9-*+9|1|1|Register Personal Pension 
 1. New Member 
 2. Existing Tier 2 or PF Member
2020-06-23 23:08:54|MTN|1213669|1.45*9-*+9|2|1|Enter Surname
2020-06-23 23:09:06|MTN|1213669|1.45*9-*+9|3|*899*9#|Welcome to QLAC FINANCIAL TRUST LTD 
 1. Register Personal Pension 
 2. Pay Personal Pension 
 3. Update Key Data 
 4. Enquiries
2020-06-23 23:11:39|MTN|1213669|1.45*9-*+9|1|1|Register Personal Pension 
 1. New Member 
 2. Existing Tier 2 or PF Member
2020-06-23 23:11:50|MTN|1213669|1.45*9-*+9|2|1|Enter Surname
2020-06-23 23:12:08|MTN|1213669|1.45*9-*+9|3|Wilson|Enter first name
2020-06-23 23:12:23|MTN|1213669|1.45*9-*+9|4|*899*9#|Welcome to QLAC FINANCIAL TRUST LTD 
 1. Register Personal Pension 
 2. Pay Personal Pension 
 3. Update Key Data 
 4. Enquiries
2020-06-23 23:18:22|MTN|1213669|1.45*9-*+9|1|*899*9#|Welcome to QLAC FINANCIAL TRUST LTD 
 1. Register Personal Pension 
 2. Pay Personal Pension 
 3. Update Key Data 
 4. Enquiries
2020-06-23 23:18:22|MTN|1213669|1.45*9-*+9|1|*899*9#|Welcome to QLAC FINANCIAL TRUST LTD 
 1. Register Personal Pension 
 2. Pay Personal Pension 
 3. Update Key Data 
 4. Enquiries
2020-06-23 23:18:46|MTN|1213669|1.45*9-*+9|1|1|Register Personal Pension 
 1. New Member 
 2. Existing Tier 2 or PF Member
2020-06-23 23:18:51|MTN|1213669|1.45*9-*+9|2|1|Enter Surname
2020-06-23 23:19:02|MTN|1213669|1.45*9-*+9|3|Wilson|Enter first name
2020-06-23 23:19:17|MTN|1213669|1.45*9-*+9|4|Emmanuel|Enter Other names Or press 1. to skip
2020-06-23 23:20:22|MTN|1213669|1.45*9-*+9|5|*899*9#|Welcome to QLAC FINANCIAL TRUST LTD 
 1. Register Personal Pension 
 2. Pay Personal Pension 
 3. Update Key Data 
 4. Enquiries
2020-06-23 23:22:40|MTN|1213669|1.45*9-*+9|1|1|Register Personal Pension 
 1. New Member 
 2. Existing Tier 2 or PF Member
2020-06-23 23:23:08|MTN|1213669|1.45*9-*+9|2|1|Enter Surname
2020-06-23 23:23:33|MTN|1213669|1.45*9-*+9|3|Prince|Enter first name
2020-06-23 23:23:42|MTN|1213669|1.45*9-*+9|4|Prince|Enter Other names Or press 1. to skip
2020-06-23 23:23:57|MTN|1213669|1.45*9-*+9|5|Mattheew|Enter Date of Birth (YYYY-MM-DD)
2020-06-23 23:24:30|MTN|1213669|1.45*9-*+9|6|1965-02-03|Select Gender 
 1. Male 
 2. Female
2020-06-23 23:24:42|MTN|1213669|1.45*9-*+9|7|1|
2020-06-23 23:24:50|MTN|1213669|1.45*9-*+9|8|*899*9#|Welcome to QLAC FINANCIAL TRUST LTD 
 1. Register Personal Pension 
 2. Pay Personal Pension 
 3. Update Key Data 
 4. Enquiries
2020-06-24 16:26:46|MTN|1213669|1.45*9-*+9|1|*899*9#|Welcome to QLAC FINANCIAL TRUST LTD 
 1. Register Personal Pension 
 2. Pay Personal Pension 
 3. Update Key Data 
 4. Enquiries
2020-06-24 16:27:38|MTN|1213669|1.45*9-*+9|1|1|Register Personal Pension 
 1. New Member 
 2. Existing Tier 2 or PF Member
2020-06-26 20:52:50|MTN|121363523|1.45*9-*+9|0|*899*9#|Welcome to QLAC FINANCIAL TRUST LTD 
 1. Register Personal Pension 
 2. Pay Personal Pension 
 3. Update Key Data 
 4. Enquiries
2020-06-26 21:02:45|MTN|121363523|1.45*9-*+9|0|*899*9#|Welcome to QLAC FINANCIAL TRUST LTD 
 1. Register Personal Pension 
 2. Pay Personal Pension 
 3. Update Key Data 
 4. Enquiries
2020-06-26 21:03:38|MTN|121363523|1.45*9-*+9|1|3|Update Key Data 
 Enter Member ID
2020-06-26 21:11:36|MTN|121363523|1.45*9-*+9|2|*899*9#|Welcome to QLAC FINANCIAL TRUST LTD 
 1. Register Personal Pension 
 2. Pay Personal Pension 
 3. Update Key Data 
 4. Enquiries
2020-06-26 21:11:53|MTN|121363523|1.45*9-*+9|1|3|Update Key Data 
 -------------- 
 Enter Member ID
2020-06-26 21:12:43|MTN|121363523|1.45*9-*+9|2|799ea|1. Update Address Information 
 2. Update Identity Information 
 3. Emergency Contact Information 
 4. Update Beneficiaries
2020-06-26 21:13:02|MTN|121363523|1.45*9-*+9|3|1|Enter Email
2020-06-26 22:02:56|MTN|121363523|1.45*9-*+9|4|hagiose@gmail.com|
2020-06-26 23:09:32|MTN|121363523|1.45*9-*+9|4|hagiose@gmail.com|
2020-06-27 06:06:55|MTN|121363523|1.45*9-*+9|0|*899*9#|Welcome to QLAC FINANCIAL TRUST LTD 
 1. Register Personal Pension 
 2. Pay Personal Pension 
 3. Update Key Data 
 4. Enquiries
2020-06-27 06:07:30|MTN|121363523|1.45*9-*+9|1|3|Update Key Data 
 -------------- 
 Enter Member ID
2020-06-27 06:08:58|MTN|121363523|1.45*9-*+9|2|799ea|1. Update Address Information 
 2. Update Identity Information 
 3. Emergency Contact Information 
 4. Update Beneficiaries
2020-06-27 06:11:05|MTN|121363523|1.45*9-*+9|4|1|Enter Residential Address
2020-06-27 06:11:51|MTN|121363523|1.45*9-*+9|4|1|Enter Residential Address
2020-06-27 06:12:43|MTN|121363523|1.45*9-*+9|4|hagiose@gmail.com|Enter Residential Address
2020-06-27 06:13:02|MTN|121363523|1.45*9-*+9|5|hs 88/3 ec|Invalid Input
2020-06-27 06:25:38|MTN|121363523|1.45*9-*+9|0|*899*9#|Welcome to QLAC FINANCIAL TRUST LTD 
 1. Register Personal Pension 
 2. Pay Personal Pension 
 3. Update Key Data 
 4. Enquiries
2020-06-27 06:25:53|MTN|121363523|1.45*9-*+9|1|1|Register Personal Pension 
 1. New Member 
 2. Existing Tier 2 or PF Member
2020-06-27 06:26:02|MTN|121363523|1.45*9-*+9|2|*899*9#|Welcome to QLAC FINANCIAL TRUST LTD 
 1. Register Personal Pension 
 2. Pay Personal Pension 
 3. Update Key Data 
 4. Enquiries
2020-06-27 06:26:16|MTN|121363523|1.45*9-*+9|1|3|Update Key Data 
 -------------- 
 Enter Member ID
2020-06-27 06:26:38|MTN|121363523|1.45*9-*+9|2|799ea|1. Update Address Information 
 2. Update Identity Information 
 3. Emergency Contact Information 
 4. Update Beneficiaries
2020-06-27 06:26:46|MTN|121363523|1.45*9-*+9|3|1|Enter Email
2020-06-27 06:26:59|MTN|121363523|1.45*9-*+9|4|hagioswilson@gmail.com|Enter Residential Address
2020-06-27 06:27:19|MTN|121363523|1.45*9-*+9|5|hs 88/3 c|Enter Postal Address
2020-06-27 06:28:10|MTN|121363523|1.45*9-*+9|6|MC 0608, Takoradi|Enter Hometown or Region
2020-06-27 06:28:24|MTN|121363523|1.45*9-*+9|7|Takoradi|Address information saved
2020-06-27 06:32:55|MTN|121363523|1.45*9-*+9|0|*899*9#|Welcome to QLAC FINANCIAL TRUST LTD 
 1. Register Personal Pension 
 2. Pay Personal Pension 
 3. Update Key Data 
 4. Enquiries
2020-06-27 06:33:13|MTN|121363523|1.45*9-*+9|1|3|Update Key Data 
 -------------- 
 Enter Member ID
2020-06-27 06:38:07|MTN|121363523|1.45*9-*+9|2|799ea|1. Update Address Information 
 2. Update Identity Information 
 3. Emergency Contact Information 
 4. Update Beneficiaries
2020-06-27 06:38:17|MTN|121363523|1.45*9-*+9|3|2|
2020-06-27 06:42:41|MTN|121363523|1.45*9-*+9|3|2|Identity Information 
 ------------------- 
 1. Passport 
 2. Ghana Card 
 3. Driver License 
 4. Voter Id
2020-06-27 06:42:54|MTN|121363523|1.45*9-*+9|4|1|Identity Information 
 ------------------- 
 1. Passport 
 2. Ghana Card 
 3. Driver License 
 4. Voter Id
2020-06-27 07:01:50|MTN|121363523|1.45*9-*+9|0|1|Welcome to QLAC FINANCIAL TRUST LTD 
 1. Register Personal Pension 
 2. Pay Personal Pension 
 3. Update Key Data 
 4. Enquiries
2020-06-27 07:01:58|MTN|121363523|1.45*9-*+9|1|3|Update Key Data 
 -------------- 
 Enter Member ID
2020-06-27 07:02:27|MTN|121363523|1.45*9-*+9|2|799ea|1. Update Address Information 
 2. Update Identity Information 
 3. Emergency Contact Information 
 4. Update Beneficiaries
2020-06-27 07:02:36|MTN|121363523|1.45*9-*+9|3|2|Identity Information 
 ------------------- 
 1. Passport 
 2. Ghana Card 
 3. Driver License 
 4. Voter Id
2020-06-27 07:02:44|MTN|121363523|1.45*9-*+9|4|1|Enter ID No.
2020-06-27 07:03:01|MTN|121363523|1.45*9-*+9|5|UE30016516|Enter Occupation
2020-06-27 07:03:10|MTN|121363523|1.45*9-*+9|6|Student|Marital Status 
 1. Single 2. Married
2020-06-27 07:08:18|MTN|121363523|1.45*9-*+9|7|1|Identity Information Saved
2020-06-27 07:09:05|MTN|121363523|1.45*9-*+9|0|1|Welcome to QLAC FINANCIAL TRUST LTD 
 1. Register Personal Pension 
 2. Pay Personal Pension 
 3. Update Key Data 
 4. Enquiries
2020-06-27 07:09:12|MTN|121363523|1.45*9-*+9|1|3|Update Key Data 
 -------------- 
 Enter Member ID
2020-06-27 07:09:37|MTN|121363523|1.45*9-*+9|2|799ea|1. Update Address Information 
 2. Update Identity Information 
 3. Emergency Contact Information 
 4. Update Beneficiaries
2020-06-27 07:09:54|MTN|121363523|1.45*9-*+9|3|2|Identity Information 
 ------------------- 
 1. Passport 
 2. Ghana Card 
 3. Driver License 
 4. Voter Id
2020-06-27 07:10:03|MTN|121363523|1.45*9-*+9|4|4|Enter ID No.
2020-06-27 07:10:29|MTN|121363523|1.45*9-*+9|5|UR200458|Enter Occupation
2020-06-27 07:10:49|MTN|121363523|1.45*9-*+9|6|Software Engineer|Marital Status 
 ------------------ 1. Single 
 2. Married
2020-06-27 07:11:50|MTN|121363523|1.45*9-*+9|7|Software Engineer|Invalid Input
2020-06-27 07:12:02|MTN|121363523|1.45*9-*+9|7|1|Identity Information Saved
2020-06-27 07:43:36|MTN|121363523|1.45*9-*+9|0|1|Welcome to QLAC FINANCIAL TRUST LTD 
 1. Register Personal Pension 
 2. Pay Personal Pension 
 3. Update Key Data 
 4. Enquiries
2020-06-27 07:43:48|MTN|121363523|1.45*9-*+9|1|3|Update Key Data 
 -------------- 
 Enter Member ID
2020-06-27 07:44:12|MTN|121363523|1.45*9-*+9|2|799ea|1. Update Address Information 
 2. Update Identity Information 
 3. Emergency Contact Information 
 4. Update Beneficiaries
2020-06-27 07:44:26|MTN|121363523|1.45*9-*+9|3|3|Enter Emergency Contact name
2020-06-27 07:44:38|MTN|121363523|1.45*9-*+9|4|Naomi Amoah|Enter Emergency Contact name
2020-06-27 07:51:07|MTN|121363523|1.45*9-*+9|0|Naomi Amoah|Welcome to QLAC FINANCIAL TRUST LTD 
 1. Register Personal Pension 
 2. Pay Personal Pension 
 3. Update Key Data 
 4. Enquiries
2020-06-27 07:51:17|MTN|121363523|1.45*9-*+9|1|3|Update Key Data 
 -------------- 
 Enter Member ID
2020-06-27 07:52:13|MTN|121363523|1.45*9-*+9|2|799ea|1. Update Address Information 
 2. Update Identity Information 
 3. Emergency Contact Information 
 4. Update Beneficiaries
2020-06-27 07:52:27|MTN|121363523|1.45*9-*+9|3|3|Enter emergency contact name
2020-06-27 07:52:44|MTN|121363523|1.45*9-*+9|4|Naomi Amoah|Enter emergency contact number
2020-06-27 07:53:10|MTN|121363523|1.45*9-*+9|5|0203665258|Emergency Contact Information Saved
